[0310/104604:INFO:CONSOLE(0)] "app router initialize," source: file:///C:/Users/Administrator/AppData/Roaming/Adobe/CEPServiceManager4/extensions/cutterman/js/cutterman.js(10)
[0310/104605:INFO:CONSOLE(0)] "PNG," source: file:///C:/Users/Administrator/AppData/Roaming/Adobe/CEPServiceManager4/extensions/cutterman/js/cutterman.js(516)
[0310/104605:INFO:CONSOLE(0)] "{"samefile":"rename","androidCurrentDpi":"不设置","iosCurrentDpi":"不设置","androidDpi":{"XXXHDPI":"1440","XXHDPI":"1080","XHDPI":"720","HDPI":"540","MDPI":"360"},"iosDpi":{"3X":"960","2X":"640","1X":"320"},"format":"PNG-24","quality":"PNG-24","output":"~/Desktop/%E6%82%A6%E6%88%BF%E7%BD%91pc/images","merge":true,"target":["web"],"bounds":[0,0]}," source: file:///C:/Users/Administrator/AppData/Roaming/Adobe/CEPServiceManager4/extensions/cutterman/js/cutterman.js(523)
[0310/104608:INFO:CONSOLE(0)] "XMLHttpRequest cannot load http://www.cutterman.cn/rank/submit. Origin null is not allowed by Access-Control-Allow-Origin.," source: (0)
[0310/165147:INFO:CONSOLE(0)] "app router initialize," source: file:///C:/Users/Administrator/AppData/Roaming/Adobe/CEPServiceManager4/extensions/cutterman/js/cutterman.js(10)
[0310/165148:INFO:CONSOLE(0)] "PNG," source: file:///C:/Users/Administrator/AppData/Roaming/Adobe/CEPServiceManager4/extensions/cutterman/js/cutterman.js(516)
[0310/165148:INFO:CONSOLE(0)] "{"samefile":"rename","androidCurrentDpi":"不设置","iosCurrentDpi":"不设置","androidDpi":{"XXXHDPI":"1440","XXHDPI":"1080","XHDPI":"720","HDPI":"540","MDPI":"360"},"iosDpi":{"3X":"960","2X":"640","1X":"320"},"format":"PNG-24","quality":"PNG-24","output":"~/Desktop/%E6%82%A6%E6%88%BF%E7%BD%91pc/images","merge":true,"target":["web"],"bounds":[0,0]}," source: file:///C:/Users/Administrator/AppData/Roaming/Adobe/CEPServiceManager4/extensions/cutterman/js/cutterman.js(523)
[0310/165149:INFO:CONSOLE(0)] "XMLHttpRequest cannot load http://www.cutterman.cn/rank/submit. Origin null is not allowed by Access-Control-Allow-Origin.," source: (0)
[0406/155849:INFO:CONSOLE(0)] "app router initialize," source: file:///C:/Users/Administrator/AppData/Roaming/Adobe/CEPServiceManager4/extensions/cutterman/js/cutterman.js(10)
[0406/155849:INFO:CONSOLE(0)] "PNG," source: file:///C:/Users/Administrator/AppData/Roaming/Adobe/CEPServiceManager4/extensions/cutterman/js/cutterman.js(516)
[0406/155849:INFO:CONSOLE(0)] "{"samefile":"rename","androidCurrentDpi":"不设置","iosCurrentDpi":"不设置","androidDpi":{"XXXHDPI":"1440","XXHDPI":"1080","XHDPI":"720","HDPI":"540","MDPI":"360"},"iosDpi":{"3X":"960","2X":"640","1X":"320"},"format":"PNG-24","quality":"PNG-24","output":"~/Desktop/html(2)/image","merge":true,"target":["web"],"bounds":[0,0]}," source: file:///C:/Users/Administrator/AppData/Roaming/Adobe/CEPServiceManager4/extensions/cutterman/js/cutterman.js(523)
[0406/155850:INFO:CONSOLE(0)] "XMLHttpRequest cannot load http://www.cutterman.cn/rank/submit. Origin null is not allowed by Access-Control-Allow-Origin.," source: (0)
[0406/155912:INFO:CONSOLE(0)] "PNG," source: file:///C:/Users/Administrator/AppData/Roaming/Adobe/CEPServiceManager4/extensions/cutterman/js/cutterman.js(516)
[0406/155912:INFO:CONSOLE(0)] "{"samefile":"rename","androidCurrentDpi":"不设置","iosCurrentDpi":"不设置","androidDpi":{"XXXHDPI":"1440","XXHDPI":"1080","XHDPI":"720","HDPI":"540","MDPI":"360"},"iosDpi":{"3X":"960","2X":"640","1X":"320"},"format":"PNG-24","quality":"PNG-24","output":"~/Desktop/html(2)/image","merge":true,"target":["web"],"bounds":[0,0]}," source: file:///C:/Users/Administrator/AppData/Roaming/Adobe/CEPServiceManager4/extensions/cutterman/js/cutterman.js(523)
[0406/155913:INFO:CONSOLE(0)] "XMLHttpRequest cannot load http://www.cutterman.cn/rank/submit. Origin null is not allowed by Access-Control-Allow-Origin.," source: (0)
[0406/155929:INFO:CONSOLE(0)] "PNG," source: file:///C:/Users/Administrator/AppData/Roaming/Adobe/CEPServiceManager4/extensions/cutterman/js/cutterman.js(516)
[0406/155929:INFO:CONSOLE(0)] "{"samefile":"rename","androidCurrentDpi":"不设置","iosCurrentDpi":"不设置","androidDpi":{"XXXHDPI":"1440","XXHDPI":"1080","XHDPI":"720","HDPI":"540","MDPI":"360"},"iosDpi":{"3X":"960","2X":"640","1X":"320"},"format":"PNG-24","quality":"PNG-24","output":"~/Desktop/html(2)/image","merge":true,"target":["web"],"bounds":[0,0]}," source: file:///C:/Users/Administrator/AppData/Roaming/Adobe/CEPServiceManager4/extensions/cutterman/js/cutterman.js(523)
[0406/155931:INFO:CONSOLE(0)] "XMLHttpRequest cannot load http://www.cutterman.cn/rank/submit. Origin null is not allowed by Access-Control-Allow-Origin.," source: (0)
[0406/155944:INFO:CONSOLE(0)] "PNG," source: file:///C:/Users/Administrator/AppData/Roaming/Adobe/CEPServiceManager4/extensions/cutterman/js/cutterman.js(516)
[0406/155944:INFO:CONSOLE(0)] "{"samefile":"rename","androidCurrentDpi":"不设置","iosCurrentDpi":"不设置","androidDpi":{"XXXHDPI":"1440","XXHDPI":"1080","XHDPI":"720","HDPI":"540","MDPI":"360"},"iosDpi":{"3X":"960","2X":"640","1X":"320"},"format":"PNG-24","quality":"PNG-24","output":"~/Desktop/html(2)/image","merge":true,"target":["web"],"bounds":[0,0]}," source: file:///C:/Users/Administrator/AppData/Roaming/Adobe/CEPServiceManager4/extensions/cutterman/js/cutterman.js(523)
[0406/155946:INFO:CONSOLE(0)] "XMLHttpRequest cannot load http://www.cutterman.cn/rank/submit. Origin null is not allowed by Access-Control-Allow-Origin.," source: (0)
[0406/155955:INFO:CONSOLE(0)] "PNG," source: file:///C:/Users/Administrator/AppData/Roaming/Adobe/CEPServiceManager4/extensions/cutterman/js/cutterman.js(516)
[0406/155955:INFO:CONSOLE(0)] "{"samefile":"rename","androidCurrentDpi":"不设置","iosCurrentDpi":"不设置","androidDpi":{"XXXHDPI":"1440","XXHDPI":"1080","XHDPI":"720","HDPI":"540","MDPI":"360"},"iosDpi":{"3X":"960","2X":"640","1X":"320"},"format":"PNG-24","quality":"PNG-24","output":"~/Desktop/html(2)/image","merge":true,"target":["web"],"bounds":[0,0]}," source: file:///C:/Users/Administrator/AppData/Roaming/Adobe/CEPServiceManager4/extensions/cutterman/js/cutterman.js(523)
[0406/155957:INFO:CONSOLE(0)] "XMLHttpRequest cannot load http://www.cutterman.cn/rank/submit. Origin null is not allowed by Access-Control-Allow-Origin.," source: (0)
[0406/160002:INFO:CONSOLE(0)] "PNG," source: file:///C:/Users/Administrator/AppData/Roaming/Adobe/CEPServiceManager4/extensions/cutterman/js/cutterman.js(516)
[0406/160002:INFO:CONSOLE(0)] "{"samefile":"rename","androidCurrentDpi":"不设置","iosCurrentDpi":"不设置","androidDpi":{"XXXHDPI":"1440","XXHDPI":"1080","XHDPI":"720","HDPI":"540","MDPI":"360"},"iosDpi":{"3X":"960","2X":"640","1X":"320"},"format":"PNG-24","quality":"PNG-24","output":"~/Desktop/html(2)/image","merge":true,"target":["web"],"bounds":[0,0]}," source: file:///C:/Users/Administrator/AppData/Roaming/Adobe/CEPServiceManager4/extensions/cutterman/js/cutterman.js(523)
[0406/160005:INFO:CONSOLE(0)] "XMLHttpRequest cannot load http://www.cutterman.cn/rank/submit. Origin null is not allowed by Access-Control-Allow-Origin.," source: (0)
[0407/154841:INFO:CONSOLE(0)] "app router initialize," source: file:///C:/Users/Administrator/AppData/Roaming/Adobe/CEPServiceManager4/extensions/cutterman/js/cutterman.js(10)
[0407/154842:INFO:CONSOLE(0)] "PNG," source: file:///C:/Users/Administrator/AppData/Roaming/Adobe/CEPServiceManager4/extensions/cutterman/js/cutterman.js(516)
[0407/154842:INFO:CONSOLE(0)] "{"samefile":"rename","androidCurrentDpi":"不设置","iosCurrentDpi":"不设置","androidDpi":{"XXXHDPI":"1440","XXHDPI":"1080","XHDPI":"720","HDPI":"540","MDPI":"360"},"iosDpi":{"3X":"960","2X":"640","1X":"320"},"format":"PNG-24","quality":"PNG-24","output":"~/Desktop/html(2)/image","merge":true,"target":["web"],"bounds":[0,0]}," source: file:///C:/Users/Administrator/AppData/Roaming/Adobe/CEPServiceManager4/extensions/cutterman/js/cutterman.js(523)
[0407/154843:INFO:CONSOLE(0)] "XMLHttpRequest cannot load http://www.cutterman.cn/rank/submit. Origin null is not allowed by Access-Control-Allow-Origin.," source: (0)
[0407/154848:INFO:CONSOLE(0)] "PNG," source: file:///C:/Users/Administrator/AppData/Roaming/Adobe/CEPServiceManager4/extensions/cutterman/js/cutterman.js(516)
[0407/154848:INFO:CONSOLE(0)] "{"samefile":"rename","androidCurrentDpi":"不设置","iosCurrentDpi":"不设置","androidDpi":{"XXXHDPI":"1440","XXHDPI":"1080","XHDPI":"720","HDPI":"540","MDPI":"360"},"iosDpi":{"3X":"960","2X":"640","1X":"320"},"format":"PNG-24","quality":"PNG-24","output":"~/Desktop/html(2)/image","merge":true,"target":["web"],"bounds":[0,0]}," source: file:///C:/Users/Administrator/AppData/Roaming/Adobe/CEPServiceManager4/extensions/cutterman/js/cutterman.js(523)
[0407/154849:INFO:CONSOLE(0)] "XMLHttpRequest cannot load http://www.cutterman.cn/rank/submit. Origin null is not allowed by Access-Control-Allow-Origin.," source: (0)
[0427/180204:INFO:CONSOLE(0)] "app router initialize," source: file:///C:/Users/Administrator/AppData/Roaming/Adobe/CEPServiceManager4/extensions/cutterman/js/cutterman.js(10)
[0427/180205:INFO:CONSOLE(0)] "PNG," source: file:///C:/Users/Administrator/AppData/Roaming/Adobe/CEPServiceManager4/extensions/cutterman/js/cutterman.js(516)
[0427/180205:INFO:CONSOLE(0)] "{"samefile":"rename","androidCurrentDpi":"不设置","iosCurrentDpi":"不设置","androidDpi":{"XXXHDPI":"1440","XXHDPI":"1080","XHDPI":"720","HDPI":"540","MDPI":"360"},"iosDpi":{"3X":"960","2X":"640","1X":"320"},"format":"PNG-24","quality":"PNG-24","output":"~/Desktop/%E7%AB%A0%E9%B1%BC%E7%BD%91pc/AC/images","merge":true,"target":["web"],"bounds":[0,0]}," source: file:///C:/Users/Administrator/AppData/Roaming/Adobe/CEPServiceManager4/extensions/cutterman/js/cutterman.js(523)
[0427/180206:INFO:CONSOLE(0)] "XMLHttpRequest cannot load http://www.cutterman.cn/rank/submit. Origin null is not allowed by Access-Control-Allow-Origin.," source: (0)
[0428/160512:INFO:CONSOLE(0)] "app router initialize," source: file:///C:/Users/Administrator/AppData/Roaming/Adobe/CEPServiceManager4/extensions/cutterman/js/cutterman.js(10)
[0428/160513:INFO:CONSOLE(0)] "PNG," source: file:///C:/Users/Administrator/AppData/Roaming/Adobe/CEPServiceManager4/extensions/cutterman/js/cutterman.js(516)
[0428/160513:INFO:CONSOLE(0)] "{"samefile":"rename","androidCurrentDpi":"不设置","iosCurrentDpi":"不设置","androidDpi":{"XXXHDPI":"1440","XXHDPI":"1080","XHDPI":"720","HDPI":"540","MDPI":"360"},"iosDpi":{"3X":"960","2X":"640","1X":"320"},"format":"PNG-24","quality":"PNG-24","output":"~/Desktop/%E7%AB%A0%E9%B1%BC%E7%BD%91pc/AC/images","merge":true,"target":["web"],"bounds":[0,0]}," source: file:///C:/Users/Administrator/AppData/Roaming/Adobe/CEPServiceManager4/extensions/cutterman/js/cutterman.js(523)
[0428/160518:INFO:CONSOLE(0)] "XMLHttpRequest cannot load http://www.cutterman.cn/rank/submit. Origin null is not allowed by Access-Control-Allow-Origin.," source: (0)
